[17Feb2025 00:01:21.816] [Server thread/INFO] [net.minecraft.server.MinecraftServer/]: [jkEmi_: Set the weather to clear]
[17Feb2025 00:01:50.304] [Server thread/INFO] [net.minecraft.server.MinecraftServer/]: <jkEmi_> y si hago un comando para cconseguir mas zanaorias?
[17Feb2025 00:01:54.810] [Server thread/INFO] [net.minecraft.server.MinecraftServer/]: <DrewMartz> xddddddddddddd
[17Feb2025 00:01:59.253] [Server thread/INFO] [net.minecraft.server.MinecraftServer/]: <jkEmi_> nomas pa los aldeanos
[17Feb2025 00:02:01.042] [Server thread/INFO] [net.minecraft.server.MinecraftServer/]: <jkEmi_> nmms
[17Feb2025 00:02:08.577] [Server thread/INFO] [net.minecraft.server.MinecraftServer/]: <DrewMartz> ya t estresaron?
[17Feb2025 00:02:11.220] [Server thread/INFO] [net.minecraft.server.MinecraftServer/]: <jkEmi_> como chinga que no crecen
[17Feb2025 00:02:16.636] [Server thread/INFO] [net.minecraft.server.MinecraftServer/]: <jkEmi_> las zanahorias si
[17Feb2025 00:02:20.729] [Server thread/INFO] [net.minecraft.server.MinecraftServer/]: <DrewMartz> pss dale
[17Feb2025 00:02:24.893] [Server thread/INFO] [net.minecraft.server.MinecraftServer/]: [jkEmi_: Teleported jkEmi_ to -2567.500000, 116.500000, -3260.500000]
[17Feb2025 00:02:44.739] [Server thread/INFO] [net.minecraft.server.MinecraftServer/]: [jkEmi_: Teleported jkEmi_ to -2773.500000, 137.500000, -3473.500000]
[17Feb2025 00:03:10.956] [Server thread/INFO] [net.minecraft.server.MinecraftServer/]: [jkEmi_: Gave 800    [Carrot] to jkEmi_]
[17Feb2025 00:03:30.874] [Server thread/INFO] [net.minecraft.server.MinecraftServer/]: [jkEmi_: Teleported jkEmi_ to -2567.500000, 116.500000, -3327.500000]
[17Feb2025 00:03:52.760] [Server thread/INFO] [com.teampotato.redirector.Redirector/]: Redirecting vazkii/quark/base/handler/SortingHandler$ItemType
[17Feb2025 00:04:22.711] [Server thread/INFO] [net.minecraft.server.MinecraftServer/]: [jkEmi_: Set the time to 1000]
[17Feb2025 00:04:22.756] [Server thread/INFO] [de.mrjulsen.crn.CreateRailwaysNavigator/]: All times have been corrected: -11432 Ticks
[17Feb2025 00:04:35.443] [Server thread/INFO] [net.minecraft.server.MinecraftServer/]: [jkEmi_: Teleported jkEmi_ to -2771.500000, 137.500000, -3480.500000]
[17Feb2025 00:04:43.460] [Server thread/INFO] [net.minecraft.server.MinecraftServer/]: <DrewMartz> tienes cristal?
[17Feb2025 00:04:54.853] [Server thread/INFO] [net.minecraft.server.MinecraftServer/]: <DrewMartz> nah
[17Feb2025 00:04:57.903] [Server thread/INFO] [net.minecraft.server.MinecraftServer/]: <DrewMartz> aca encontre
[17Feb2025 00:06:34.405] [Server thread/INFO] [net.minecraft.server.MinecraftServer/]: [jkEmi_: Set the weather to clear]
[17Feb2025 00:06:46.208] [Server thread/INFO] [net.minecraft.server.MinecraftServer/]: [jkEmi_: Teleported jkEmi_ to -2555.500000, 124.500000, -3281.500000]
[17Feb2025 00:08:07.720] [Server thread/INFO] [net.minecraft.server.MinecraftServer/]: [jkEmi_: Gave 800    [Carrot] to jkEmi_]
